<?xml version="1.0" encoding="UTF-8"?>
<!-- Generated by org.testng.reporters.JUnitReportReporter -->
<testsuite hostname="WS-16454" failures="0" tests="1" name="FreshHarvest.frameworkDesign.StandaloneTest" time="22.138" errors="0" timestamp="2024-05-26T21:27:35 IST" skipped="0">
  <testcase classname="FreshHarvest.frameworkDesign.StandaloneTest" name="placeOrder" time="22.138"/>
</testsuite> <!-- FreshHarvest.frameworkDesign.StandaloneTest -->
